<?xml version="1.0" encoding="UTF-8"?>
<testsuite name="ChattyBotTest" tests="1" skipped="0" failures="0" errors="0" timestamp="2020-09-03T16:40:54" hostname="DESKTOP-A82CK7U" time="0.177">
  <properties/>
  <testcase name="start" classname="ChattyBotTest" time="0.177"/>
  <system-out><![CDATA[?[1;31m
Start test 1?[0m
Hello! My name is Non-Violent Entity.
I was created in 2020. The Begining of the End.
Please, remind me your name.
> Marry
What a great name you have, Marry! *smirk*
Let me guess your age.
Say me remainders of dividing your age by 3, 5 and 7.
> 1 0 5
Your age is 40; that's a good time to start programming!
Now I will prove to you that I can count to any number you want.
> 10
0!
1!
2!
3!
4!
5!
6!
7!
8!
9!
10!
Let's test your programming knowledge.
Why was I written in Kotlin?
1. Kotlin is the best language for any purpose.
2. I am too sophisticated to be programmed in another language.
3. My creator was learning to code in Kotlin.
4. I was actually written in Java.
> 1
Please, try again.
> 2
Please, try again.
> 3
Congratulations, have a nice day!
]]></system-out>
  <system-err><![CDATA[]]></system-err>
</testsuite>
